<?xml version="1.0" encoding="UTF-8"?>
<Site BuildName="Win32-mingw32-make"
	BuildStamp="20230906-0542-Experimental"
	Name="LAPTOP-41QL8I6V"
	Generator="ctest-3.27.4"
	CompilerName="G:/software/mingw/x86_64-8.1.0-release-posix-sjlj-rt_v6-rev0/mingw64/bin/g++.exe"
	CompilerVersion="8.1.0"
	OSName="Windows"
	Hostname="LAPTOP-41QL8I6V"
	OSRelease=" Personal"
	OSVersion=" (Build 22621)"
	OSPlatform="AMD64"
	Is64Bits="1"
	VendorString="AuthenticAMD"
	VendorID="Advanced Micro Devices"
	FamilyID="15"
	ModelID="0"
	ProcessorCacheSize="64"
	NumberOfLogicalCPU="16"
	NumberOfPhysicalCPU="8"
	TotalVirtualMemory="20893"
	TotalPhysicalMemory="15773"
	LogicalProcessorsPerPhysical="2"
	ProcessorClockFrequency="3193"
	>
	<Testing>
		<StartDateTime>Sep 06 14:28 [NON-UTF-8-BYTE-0xD6]й[NON-UTF-8-BYTE-0xFA][NON-UTF-8-BYTE-0xB1][NON-UTF-8-BYTE-0xEA]׼ʱ[NON-UTF-8-BYTE-0xBC][NON-UTF-8-BYTE-0xE4]</StartDateTime>
		<StartTestTime>1693981680</StartTestTime>
		<TestList/>
		<EndDateTime>Sep 06 14:28 [NON-UTF-8-BYTE-0xD6]й[NON-UTF-8-BYTE-0xFA][NON-UTF-8-BYTE-0xB1][NON-UTF-8-BYTE-0xEA]׼ʱ[NON-UTF-8-BYTE-0xBC][NON-UTF-8-BYTE-0xE4]</EndDateTime>
		<EndTestTime>1693981680</EndTestTime>
		<ElapsedMinutes>0</ElapsedMinutes>
	</Testing>
</Site>
